<?xml version="1.0" encoding="UTF-8"?>
<!-- Generated by org.testng.reporters.JUnitReportReporter -->
<testsuite hostname="LAPTOP-L9I71BEA" name="com.lima.test.AdjunoLIMAPoConfirmationTest" tests="33" failures="0" timestamp="2 Feb 2018 12:31:25 GMT" time="669.534" errors="0">
  <testcase name="test_18_AccessEdit" time="50.207" classname="com.lima.test.AdjunoLIMAPoConfirmationTest"/>
  <testcase name="test_6_verifyStatusForPending" time="21.026" classname="com.lima.test.AdjunoLIMAPoConfirmationTest"/>
  <testcase name="test_17_verifyViewDetails" time="4.188" classname="com.lima.test.AdjunoLIMAPoConfirmationTest"/>
  <testcase name="test_26_verifyCompleteprocessStatusConfirmed" time="23.422" classname="com.lima.test.AdjunoLIMAPoConfirmationTest"/>
  <testcase name="test_31_VerifyStatusforPoNumberasPOConfirmed" time="22.733" classname="com.lima.test.AdjunoLIMAPoConfirmationTest"/>
  <testcase name="test_5_clickSearchtab1" time="11.072" classname="com.lima.test.AdjunoLIMAPoConfirmationTest"/>
  <testcase name="test_5_clickSearchtab" time="11.400" classname="com.lima.test.AdjunoLIMAPoConfirmationTest"/>
  <testcase name="test_20_verifyStatusColumnasPOQuery" time="0.562" classname="com.lima.test.AdjunoLIMAPoConfirmationTest"/>
  <testcase name="test_3_verifyIncorrectmsg" time="27.206" classname="com.lima.test.AdjunoLIMAPoConfirmationTest"/>
  <testcase name="test_15_verifyMandatoryFieldComment" time="21.680" classname="com.lima.test.AdjunoLIMAPoConfirmationTest"/>
  <testcase name="test_28_AccessEditStatusConfirmed" time="47.853" classname="com.lima.test.AdjunoLIMAPoConfirmationTest"/>
  <testcase name="test_16_verifyCompleteprocess" time="24.000" classname="com.lima.test.AdjunoLIMAPoConfirmationTest"/>
  <testcase name="test_4_verifyStatusForAny" time="43.405" classname="com.lima.test.AdjunoLIMAPoConfirmationTest"/>
  <testcase name="test_1_checkForChevorons" time="1.031" classname="com.lima.test.AdjunoLIMAPoConfirmationTest"/>
  <testcase name="test_22_23_verifyPoConfirmationCheveron" time="46.744" classname="com.lima.test.AdjunoLIMAPoConfirmationTest"/>
  <testcase name="test_21_VerifyStatusforPoNumberasPOQuery" time="22.535" classname="com.lima.test.AdjunoLIMAPoConfirmationTest"/>
  <testcase name="test_27_verifyViewDetailsStatusConfirmed" time="4.123" classname="com.lima.test.AdjunoLIMAPoConfirmationTest"/>
  <testcase name="test_14_ComparePurchaseOrderStatus" time="1.219" classname="com.lima.test.AdjunoLIMAPoConfirmationTest"/>
  <testcase name="test_24_verifyCaptionsProductDetails" time="4.422" classname="com.lima.test.AdjunoLIMAPoConfirmationTest"/>
  <testcase name="test_9_verifyStatusForUnderQuery" time="43.621" classname="com.lima.test.AdjunoLIMAPoConfirmationTest"/>
  <testcase name="test_7_clickSearchtab2" time="11.201" classname="com.lima.test.AdjunoLIMAPoConfirmationTest"/>
  <testcase name="test_19_verifyPOStatus" time="43.452" classname="com.lima.test.AdjunoLIMAPoConfirmationTest"/>
  <testcase name="test_8_verifyStatusForConfirmed" time="32.252" classname="com.lima.test.AdjunoLIMAPoConfirmationTest"/>
  <testcase name="verifyCaptionsPurchaseOrderDetails" time="1.735" classname="com.lima.test.AdjunoLIMAPoConfirmationTest"/>
  <testcase name="test_30_verifyStatusColumnasPOConfirmed" time="0.609" classname="com.lima.test.AdjunoLIMAPoConfirmationTest"/>
  <testcase name="test_1_AccessPoConfirmation" time="27.473" classname="com.lima.test.AdjunoLIMAPoConfirmationTest"/>
  <testcase name="test_10_11_12_verifyPoConfirmationCheveron" time="46.911" classname="com.lima.test.AdjunoLIMAPoConfirmationTest"/>
  <testcase name="test_1_checkFortxtfields" time="3.080" classname="com.lima.test.AdjunoLIMAPoConfirmationTest"/>
  <testcase name="test_29_verifyPOStatusValue" time="42.035" classname="com.lima.test.AdjunoLIMAPoConfirmationTest"/>
  <testcase name="test_2_verifyConfirmationStatusMandatory" time="2.626" classname="com.lima.test.AdjunoLIMAPoConfirmationTest"/>
  <testcase name="test_25_ComparePurchaseOrderStatus" time="1.563" classname="com.lima.test.AdjunoLIMAPoConfirmationTest"/>
  <testcase name="test_4_verifyStatusForConfirmationStatusAny" time="19.460" classname="com.lima.test.AdjunoLIMAPoConfirmationTest"/>
  <testcase name="test_13_verifyCaptionsProductDetails" time="4.688" classname="com.lima.test.AdjunoLIMAPoConfirmationTest"/>
</testsuite> <!-- com.lima.test.AdjunoLIMAPoConfirmationTest -->
