<?xml version="1.0" encoding="UTF-8"?>
<!-- Generated by org.testng.reporters.JUnitReportReporter -->
<testsuite hostname="LAPTOP-L9I71BEA" name="com.lima.test.AdjunoLIMADeliveredYardTest" tests="49" failures="1" timestamp="2 Feb 2018 12:31:25 GMT" time="1098.459" errors="0">
  <testcase name="test_25_accessDeliveredYardLink" time="32.145" classname="com.lima.test.AdjunoLIMADeliveredYardTest"/>
  <testcase name="test_38_complete" time="13.531" classname="com.lima.test.AdjunoLIMADeliveredYardTest"/>
  <testcase name="test_30_complete" time="13.606" classname="com.lima.test.AdjunoLIMADeliveredYardTest"/>
  <testcase name="test_8_verifyDestinationPort" time="26.552" classname="com.lima.test.AdjunoLIMADeliveredYardTest"/>
  <testcase name="test_12_verifyVessel" time="17.705" classname="com.lima.test.AdjunoLIMADeliveredYardTest"/>
  <testcase name="test_43_accessDeliveredYardLink" time="31.891" classname="com.lima.test.AdjunoLIMADeliveredYardTest"/>
  <testcase name="test_49_setTrackNumber" time="10.569" classname="com.lima.test.AdjunoLIMADeliveredYardTest"/>
  <testcase name="test_23_complete" time="11.992" classname="com.lima.test.AdjunoLIMADeliveredYardTest"/>
  <testcase name="test_14_VerifyValidContainerSearch" time="30.069" classname="com.lima.test.AdjunoLIMADeliveredYardTest"/>
  <testcase name="test_45_VerifyGridValue" time="20.464" classname="com.lima.test.AdjunoLIMADeliveredYardTest"/>
  <testcase name="test_40_ClickOnTrackLink" time="35.514" classname="com.lima.test.AdjunoLIMADeliveredYardTest"/>
  <testcase name="test_41_setTrackNumber" time="10.707" classname="com.lima.test.AdjunoLIMADeliveredYardTest"/>
  <testcase name="test_44_SearchForData" time="44.556" classname="com.lima.test.AdjunoLIMADeliveredYardTest"/>
  <testcase name="test_9_verifyEtaFrom" time="30.617" classname="com.lima.test.AdjunoLIMADeliveredYardTest"/>
  <testcase name="test_13_VerifyInvalidContainer" time="18.317" classname="com.lima.test.AdjunoLIMADeliveredYardTest"/>
  <testcase name="test_21_VerifyGridValue" time="18.176" classname="com.lima.test.AdjunoLIMADeliveredYardTest"/>
  <testcase name="test_51_SearchForData" time="30.863" classname="com.lima.test.AdjunoLIMADeliveredYardTest"/>
  <testcase name="test_32_ClickOnTrackLink" time="35.562" classname="com.lima.test.AdjunoLIMADeliveredYardTest"/>
  <testcase name="test_3_CheckForExistanceOfFields" time="1.484" classname="com.lima.test.AdjunoLIMADeliveredYardTest"/>
  <testcase name="test_upload" time="51.486" classname="com.lima.test.AdjunoLIMADeliveredYardTest"/>
  <testcase name="test_48_ClickOnTrackLink" time="35.934" classname="com.lima.test.AdjunoLIMADeliveredYardTest"/>
  <testcase name="test_11_verifyStatus" time="24.869" classname="com.lima.test.AdjunoLIMADeliveredYardTest"/>
  <testcase name="test_18_uploadYardTemplate" time="29.637" classname="com.lima.test.AdjunoLIMADeliveredYardTest"/>
  <testcase name="test_28_VerifyMandatory" time="0.156" classname="com.lima.test.AdjunoLIMADeliveredYardTest"/>
  <testcase name="test_42_clickYardLink" time="31.306" classname="com.lima.test.AdjunoLIMADeliveredYardTest"/>
  <testcase name="test_27_SearchForData" time="43.132" classname="com.lima.test.AdjunoLIMADeliveredYardTest"/>
  <testcase name="test_verifyField" time="2.000" classname="com.lima.test.AdjunoLIMADeliveredYardTest"/>
  <testcase name="test_7_verifyFieldsInSelectChevron" time="1.891" classname="com.lima.test.AdjunoLIMADeliveredYardTest"/>
  <testcase name="test_20_VerifyMandatory" time="0.156" classname="com.lima.test.AdjunoLIMADeliveredYardTest">
    <failure type="java.lang.AssertionError" message="The following asserts failed:
	***** Test ID : 20In Delivered Yard Tool Under Update Chevron &quot; Destination&quot; Field Mandatory message is not displayed***** expected [true] but found [false]">
      <![CDATA[java.lang.AssertionError: The following asserts failed:
	***** Test ID : 20In Delivered Yard Tool Under Update Chevron " Destination" Field Mandatory message is not displayed***** expected [true] but found [false]
	at org.testng.asserts.SoftAssert.assertAll(SoftAssert.java:43)
	at com.lima.test.AdjunoLIMADeliveredYardTest.test_20_VerifyMandatory(AdjunoLIMADeliveredYardTest.java:926)
	at sun.reflect.NativeMethodAccessorImpl.invoke0(Native Method)
	at sun.reflect.NativeMethodAccessorImpl.invoke(Unknown Source)
	at sun.reflect.DelegatingMethodAccessorImpl.invoke(Unknown Source)
	at java.lang.reflect.Method.invoke(Unknown Source)
	at org.testng.internal.MethodInvocationHelper.invokeMethod(MethodInvocationHelper.java:100)
	at org.testng.internal.Invoker.invokeMethod(Invoker.java:646)
	at org.testng.internal.Invoker.invokeTestMethod(Invoker.java:811)
	at org.testng.internal.Invoker.invokeTestMethods(Invoker.java:1129)
	at org.testng.internal.TestMethodWorker.invokeTestMethods(TestMethodWorker.java:129)
	at org.testng.internal.TestMethodWorker.run(TestMethodWorker.java:112)
	at org.testng.TestRunner.privateRun(TestRunner.java:746)
	at org.testng.TestRunner.run(TestRunner.java:600)
	at org.testng.SuiteRunner.runTest(SuiteRunner.java:366)
	at org.testng.SuiteRunner.runSequentially(SuiteRunner.java:361)
	at org.testng.SuiteRunner.privateRun(SuiteRunner.java:319)
	at org.testng.SuiteRunner.run(SuiteRunner.java:268)
	at org.testng.SuiteRunnerWorker.runSuite(SuiteRunnerWorker.java:52)
	at org.testng.SuiteRunnerWorker.run(SuiteRunnerWorker.java:86)
	at org.testng.TestNG.runSuitesSequentially(TestNG.java:1264)
	at org.testng.TestNG.runSuitesLocally(TestNG.java:1189)
	at org.testng.TestNG.runSuites(TestNG.java:1104)
	at org.testng.TestNG.run(TestNG.java:1076)
	at org.testng.remote.AbstractRemoteTestNG.run(AbstractRemoteTestNG.java:126)
	at org.testng.remote.RemoteTestNG.initAndRun(RemoteTestNG.java:152)
	at org.testng.remote.RemoteTestNG.main(RemoteTestNG.java:57)
]]>
    </failure>
  </testcase> <!-- test_20_VerifyMandatory -->
  <testcase name="test_35_accessDeliveredYardLink" time="32.080" classname="com.lima.test.AdjunoLIMADeliveredYardTest"/>
  <testcase name="test_51_accessDeliveredYardLink" time="32.028" classname="com.lima.test.AdjunoLIMADeliveredYardTest"/>
  <testcase name="test_2_checkChevorons" time="1.141" classname="com.lima.test.AdjunoLIMADeliveredYardTest"/>
  <testcase name="test_46_complete" time="13.429" classname="com.lima.test.AdjunoLIMADeliveredYardTest"/>
  <testcase name="test_1_accessDeliveredYardLink" time="31.526" classname="com.lima.test.AdjunoLIMADeliveredYardTest"/>
  <testcase name="test_34_clickYardLink" time="9.595" classname="com.lima.test.AdjunoLIMADeliveredYardTest"/>
  <testcase name="test_17_downloadYardtemplate" time="21.389" classname="com.lima.test.AdjunoLIMADeliveredYardTest"/>
  <testcase name="test_accessCatalog" time="12.020" classname="com.lima.test.AdjunoLIMADeliveredYardTest"/>
  <testcase name="getValidContainerList" time="37.239" classname="com.lima.test.AdjunoLIMADeliveredYardTest"/>
  <testcase name="test_16_verifyForwardRef" time="21.182" classname="com.lima.test.AdjunoLIMADeliveredYardTest"/>
  <testcase name="test_50_clickYardLink" time="32.186" classname="com.lima.test.AdjunoLIMADeliveredYardTest"/>
  <testcase name="test_5_VerifyStatusDropDownValues" time="0.110" classname="com.lima.test.AdjunoLIMADeliveredYardTest"/>
  <testcase name="test_33_setTrackNumber" time="11.051" classname="com.lima.test.AdjunoLIMADeliveredYardTest"/>
  <testcase name="test_36_SearchForData" time="42.199" classname="com.lima.test.AdjunoLIMADeliveredYardTest"/>
  <testcase name="test_10_verifyEtaTo" time="38.968" classname="com.lima.test.AdjunoLIMADeliveredYardTest"/>
  <testcase name="test_22_deleteRow" time="9.270" classname="com.lima.test.AdjunoLIMADeliveredYardTest"/>
  <testcase name="test_19_verifyUpdateChevron" time="16.455" classname="com.lima.test.AdjunoLIMADeliveredYardTest"/>
  <testcase name="test_26_SearchForData" time="40.290" classname="com.lima.test.AdjunoLIMADeliveredYardTest"/>
  <testcase name="test_29_VerifyGridValue" time="21.484" classname="com.lima.test.AdjunoLIMADeliveredYardTest"/>
  <testcase name="test_37_VerifyGridValue" time="19.930" classname="com.lima.test.AdjunoLIMADeliveredYardTest"/>
</testsuite> <!-- com.lima.test.AdjunoLIMADeliveredYardTest -->
