<?xml version="1.0" encoding="UTF-8"?>
<!-- Generated by org.testng.reporters.JUnitReportReporter -->
<testsuite hostname="LAPTOP-L9I71BEA" name="com.lima.test.AdjunoLIMAConfirmArrivalTest" tests="16" failures="0" timestamp="2 Feb 2018 12:31:25 GMT" time="207.764" errors="0">
  <testcase name="test_6_verifyGridHeaders" time="1.438" classname="com.lima.test.AdjunoLIMAConfirmArrivalTest"/>
  <testcase name="test_15_16_verifyTrackPage" time="42.044" classname="com.lima.test.AdjunoLIMAConfirmArrivalTest"/>
  <testcase name="test_4_setAwaitingAndInvalidContainerNo" time="12.721" classname="com.lima.test.AdjunoLIMAConfirmArrivalTest"/>
  <testcase name="test_9_verifyErrMsgAtArriveTab" time="7.720" classname="com.lima.test.AdjunoLIMAConfirmArrivalTest"/>
  <testcase name="test_3_verifySearchFields" time="1.250" classname="com.lima.test.AdjunoLIMAConfirmArrivalTest"/>
  <testcase name="test_5_setAwaitingAndValidContainerNo" time="17.298" classname="com.lima.test.AdjunoLIMAConfirmArrivalTest"/>
  <testcase name="test_14_verifyCompletePage" time="8.813" classname="com.lima.test.AdjunoLIMAConfirmArrivalTest"/>
  <testcase name="test_13_verifyArrivalDateField" time="4.976" classname="com.lima.test.AdjunoLIMAConfirmArrivalTest"/>
  <testcase name="test_15_verifyViewDetail" time="5.901" classname="com.lima.test.AdjunoLIMAConfirmArrivalTest"/>
  <testcase name="test_17_checkShipmentPageDisplay" time="43.511" classname="com.lima.test.AdjunoLIMAConfirmArrivalTest"/>
  <testcase name="test_11_verifyArriveGridDetails" time="1.891" classname="com.lima.test.AdjunoLIMAConfirmArrivalTest"/>
  <testcase name="test_10_verifyArrivePageDisplayed" time="9.407" classname="com.lima.test.AdjunoLIMAConfirmArrivalTest"/>
  <testcase name="test_12_verifyCurrentETADateField" time="4.706" classname="com.lima.test.AdjunoLIMAConfirmArrivalTest"/>
  <testcase name="test_2_verifyAccessConfirmArrival" time="22.893" classname="com.lima.test.AdjunoLIMAConfirmArrivalTest"/>
  <testcase name="test_18_verifyConfirmedContainerInCustomClearence" time="22.523" classname="com.lima.test.AdjunoLIMAConfirmArrivalTest"/>
  <testcase name="test_2_verifyChevrons" time="0.672" classname="com.lima.test.AdjunoLIMAConfirmArrivalTest"/>
</testsuite> <!-- com.lima.test.AdjunoLIMAConfirmArrivalTest -->
