<?xml version="1.0" encoding="UTF-8"?>
<!-- Generated by org.testng.reporters.JUnitReportReporter -->
<testsuite hostname="LAPTOP-L9I71BEA" name="com.lima.test.AdjunoLIMAPoManagerTest" tests="35" failures="0" timestamp="2 Feb 2018 12:31:25 GMT" time="401.073" errors="0">
  <testcase name="setFieldValue" time="6.161" classname="com.lima.test.AdjunoLIMAPoManagerTest"/>
  <testcase name="test_6_setConsigneeFields" time="1.078" classname="com.lima.test.AdjunoLIMAPoManagerTest"/>
  <testcase name="test_44_to_49_SetValueInBWSTab" time="23.530" classname="com.lima.test.AdjunoLIMAPoManagerTest"/>
  <testcase name="clearsearchFields" time="0.840" classname="com.lima.test.AdjunoLIMAPoManagerTest"/>
  <testcase name="test_setValueForProductSummaryTabFields" time="5.235" classname="com.lima.test.AdjunoLIMAPoManagerTest"/>
  <testcase name="accessPOManager" time="28.215" classname="com.lima.test.AdjunoLIMAPoManagerTest"/>
  <testcase name="test_2_VerifyExistanceOfFields" time="0.579" classname="com.lima.test.AdjunoLIMAPoManagerTest"/>
  <testcase name="test_24_verifyCaptionsInProductCard" time="4.391" classname="com.lima.test.AdjunoLIMAPoManagerTest"/>
  <testcase name="test_22_verifyCaptionsInProductSummary" time="6.532" classname="com.lima.test.AdjunoLIMAPoManagerTest"/>
  <testcase name="viewPoInEditMode" time="17.299" classname="com.lima.test.AdjunoLIMAPoManagerTest"/>
  <testcase name="test_4_VerifyElementsInEditChevron" time="0.500" classname="com.lima.test.AdjunoLIMAPoManagerTest"/>
  <testcase name="searchForPoNumberInPriority" time="7.064" classname="com.lima.test.AdjunoLIMAPoManagerTest"/>
  <testcase name="newPOCreate" time="5.016" classname="com.lima.test.AdjunoLIMAPoManagerTest"/>
  <testcase name="test_23_SetProductSummaryGridValue" time="58.723" classname="com.lima.test.AdjunoLIMAPoManagerTest"/>
  <testcase name="test_8_VerifyOrderSummarySectionFields" time="3.235" classname="com.lima.test.AdjunoLIMAPoManagerTest"/>
  <testcase name="checkDataInPurchaseOrder" time="3.188" classname="com.lima.test.AdjunoLIMAPoManagerTest"/>
  <testcase name="test_42_VerifyCaptionsInRatioPackDetailCard" time="3.219" classname="com.lima.test.AdjunoLIMAPoManagerTest"/>
  <testcase name="addRow" time="18.697" classname="com.lima.test.AdjunoLIMAPoManagerTest"/>
  <testcase name="test_43_VerifyCaptionsBWSTab" time="1.703" classname="com.lima.test.AdjunoLIMAPoManagerTest"/>
  <testcase name="checkPageLoaded" time="1.172" classname="com.lima.test.AdjunoLIMAPoManagerTest"/>
  <testcase name="test_1_VerifyExistanceOfChevorns" time="0.781" classname="com.lima.test.AdjunoLIMAPoManagerTest"/>
  <testcase name="test_51_GetTrackRefNo" time="4.408" classname="com.lima.test.AdjunoLIMAPoManagerTest"/>
  <testcase name="test_7_setOrderTypeFields" time="0.860" classname="com.lima.test.AdjunoLIMAPoManagerTest"/>
  <testcase name="test_9to21_SetOrderSummuryFields" time="7.063" classname="com.lima.test.AdjunoLIMAPoManagerTest"/>
  <testcase name="test_5_VerifyOrderHeaderFields" time="0.516" classname="com.lima.test.AdjunoLIMAPoManagerTest"/>
  <testcase name="checkForPurchaseOrderDisplay" time="3.485" classname="com.lima.test.AdjunoLIMAPoManagerTest"/>
  <testcase name="test_AcessPriority" time="9.676" classname="com.lima.test.AdjunoLIMAPoManagerTest"/>
  <testcase name="verifyDataFromSearchInEdit" time="0.516" classname="com.lima.test.AdjunoLIMAPoManagerTest"/>
  <testcase name="verifyStausInPOConfirmation" time="0.625" classname="com.lima.test.AdjunoLIMAPoManagerTest"/>
  <testcase name="test_55_checkPoInConfirmation" time="45.647" classname="com.lima.test.AdjunoLIMAPoManagerTest"/>
  <testcase name="checkProductSummaryTabFields" time="3.156" classname="com.lima.test.AdjunoLIMAPoManagerTest"/>
  <testcase name="test_25to41_SetValueInProductCardTab" time="61.246" classname="com.lima.test.AdjunoLIMAPoManagerTest"/>
  <testcase name="test_3_AccessPOManagerEdit" time="7.720" classname="com.lima.test.AdjunoLIMAPoManagerTest"/>
  <testcase name="test_50_clickComplite" time="17.330" classname="com.lima.test.AdjunoLIMAPoManagerTest"/>
  <testcase name="test_52_ClickOnTrackLink" time="41.667" classname="com.lima.test.AdjunoLIMAPoManagerTest"/>
</testsuite> <!-- com.lima.test.AdjunoLIMAPoManagerTest -->
