<?xml version="1.0" encoding="UTF-8"?>
<!-- Generated by org.testng.reporters.JUnitReportReporter -->
<testsuite hostname="LAPTOP-L9I71BEA" name="com.lima.test.AdjunoLIMAShipAuthorityTest" tests="36" failures="0" timestamp="2 Feb 2018 12:31:25 GMT" time="817.675" errors="0">
  <testcase name="Test_19_verifyTrackPage" time="39.928" classname="com.lima.test.AdjunoLIMAShipAuthorityTest"/>
  <testcase name="Test_63_verifyDailogViewDetail" time="16.474" classname="com.lima.test.AdjunoLIMAShipAuthorityTest"/>
  <testcase name="Test_30_31_32_33_verifyDeclinedCompleteProcess" time="59.296" classname="com.lima.test.AdjunoLIMAShipAuthorityTest"/>
  <testcase name="Test_13_verifyDetailsInHyperLink" time="6.657" classname="com.lima.test.AdjunoLIMAShipAuthorityTest"/>
  <testcase name="Test_58_59_60_clickAddDailog" time="10.796" classname="com.lima.test.AdjunoLIMAShipAuthorityTest"/>
  <testcase name="Test_16_17_18_verifySelectedAuthorisedValue" time="30.813" classname="com.lima.test.AdjunoLIMAShipAuthorityTest"/>
  <testcase name="Test_6_verifyAwaitingStausValidPONumber" time="25.003" classname="com.lima.test.AdjunoLIMAShipAuthorityTest"/>
  <testcase name="Test_61_verifyDailogPageMandatoryField" time="9.158" classname="com.lima.test.AdjunoLIMAShipAuthorityTest"/>
  <testcase name="Test_70_71_verifyPONumberStatusInShipmentBooking" time="20.708" classname="com.lima.test.AdjunoLIMAShipAuthorityTest"/>
  <testcase name="Test_65_verifyDailogColumn" time="5.364" classname="com.lima.test.AdjunoLIMAShipAuthorityTest"/>
  <testcase name="Test_23_verifyPONumberInAwaitingStatus" time="26.410" classname="com.lima.test.AdjunoLIMAShipAuthorityTest"/>
  <testcase name="Test_68_69_verifyPONumberStatusInVendorBooking" time="33.597" classname="com.lima.test.AdjunoLIMAShipAuthorityTest"/>
  <testcase name="Test_11_verifyAuthoriseGridColumns" time="3.797" classname="com.lima.test.AdjunoLIMAShipAuthorityTest"/>
  <testcase name="Test_25_verifyQueryStatusInAuthorisedPage" time="28.176" classname="com.lima.test.AdjunoLIMAShipAuthorityTest"/>
  <testcase name="Test_8_verifyPONumberDetails" time="27.785" classname="com.lima.test.AdjunoLIMAShipAuthorityTest"/>
  <testcase name="Test_5_verifyInvalidPONumber" time="19.386" classname="com.lima.test.AdjunoLIMAShipAuthorityTest"/>
  <testcase name="Test_24_verifyPONumberInQueryStatus" time="14.330" classname="com.lima.test.AdjunoLIMAShipAuthorityTest"/>
  <testcase name="Test_1_accessShipAuthority" time="13.309" classname="com.lima.test.AdjunoLIMAShipAuthorityTest"/>
  <testcase name="Test_15_verifyMandatoryFields" time="0.203" classname="com.lima.test.AdjunoLIMAShipAuthorityTest"/>
  <testcase name="Test_34_checkShipmentPageDisplayforDeclinedStatus" time="8.672" classname="com.lima.test.AdjunoLIMAShipAuthorityTest"/>
  <testcase name="Test_20_checkShipmentPageDisplay" time="8.564" classname="com.lima.test.AdjunoLIMAShipAuthorityTest"/>
  <testcase name="Test_7_verifyGridHeader" time="5.829" classname="com.lima.test.AdjunoLIMAShipAuthorityTest"/>
  <testcase name="Test_40_verifyPONumberInAuthoriseStatus" time="19.338" classname="com.lima.test.AdjunoLIMAShipAuthorityTest"/>
  <testcase name="Test_62_verifyDailogUpdateMsg" time="11.619" classname="com.lima.test.AdjunoLIMAShipAuthorityTest"/>
  <testcase name="Test_37_verifyDeclinedPONumberWithAwaitingStatus" time="24.504" classname="com.lima.test.AdjunoLIMAShipAuthorityTest"/>
  <testcase name="Test_2_checkSearchParamsFields" time="2.453" classname="com.lima.test.AdjunoLIMAShipAuthorityTest"/>
  <testcase name="Test_36_verifyDeclinedPONumberPOStatus" time="43.604" classname="com.lima.test.AdjunoLIMAShipAuthorityTest"/>
  <testcase name="Test_66_verifyDailogPopupPanel" time="28.809" classname="com.lima.test.AdjunoLIMAShipAuthorityTest"/>
  <testcase name="Test_28_verifyDeclinedPONumber" time="47.726" classname="com.lima.test.AdjunoLIMAShipAuthorityTest"/>
  <testcase name="Test_19_verifyViewDetail" time="6.072" classname="com.lima.test.AdjunoLIMAShipAuthorityTest"/>
  <testcase name="Test_10_verifyAuthorisePage" time="10.595" classname="com.lima.test.AdjunoLIMAShipAuthorityTest"/>
  <testcase name="Test_9_verifyErrMsgAtAuthorise" time="29.184" classname="com.lima.test.AdjunoLIMAShipAuthorityTest"/>
  <testcase name="Test_22_verifyPOStatus" time="42.757" classname="com.lima.test.AdjunoLIMAShipAuthorityTest"/>
  <testcase name="Test_38_verifyDeclinedPONumberWithAnyStatus" time="41.415" classname="com.lima.test.AdjunoLIMAShipAuthorityTest"/>
  <testcase name="Test_50_51_52_verifyAuthorisedPONumberTrackDetails" time="87.499" classname="com.lima.test.AdjunoLIMAShipAuthorityTest"/>
  <testcase name="Test_15_verifyValidationErrorMsg" time="7.845" classname="com.lima.test.AdjunoLIMAShipAuthorityTest"/>
</testsuite> <!-- com.lima.test.AdjunoLIMAShipAuthorityTest -->
