<?xml version="1.0" encoding="UTF-8"?>
<!-- Generated by org.testng.reporters.JUnitReportReporter -->
<testsuite hostname="LAPTOP-L9I71BEA" name="com.lima.test.AdjunoLIMAFreightPaymentsTest" tests="26" failures="1" timestamp="2 Feb 2018 12:31:25 GMT" time="801.745" errors="0">
  <testcase name="Test_Scn2_TcNo_2_VerifyChargeByCarrierGridFieldsAreConfigurable" time="87.110" classname="com.lima.test.AdjunoLIMAFreightPaymentsTest"/>
  <testcase name="test_Scn_8_TcNo_13_VerifyAuthorisedContainerInSearchPage" time="28.067" classname="com.lima.test.AdjunoLIMAFreightPaymentsTest">
    <failure type="java.lang.AssertionError" message="The following asserts failed:
	*****test_Scn_8_TcNo_13_Updated Container is not displayed under Authorised Status in Select Chevron***** expected [true] but found [false]">
      <![CDATA[java.lang.AssertionError: The following asserts failed:
	*****test_Scn_8_TcNo_13_Updated Container is not displayed under Authorised Status in Select Chevron***** expected [true] but found [false]
	at org.testng.asserts.SoftAssert.assertAll(SoftAssert.java:43)
	at com.lima.test.AdjunoLIMAFreightPaymentsTest.test_Scn_8_TcNo_13_VerifyAuthorisedContainerInSearchPage(AdjunoLIMAFreightPaymentsTest.java:662)
	at sun.reflect.NativeMethodAccessorImpl.invoke0(Native Method)
	at sun.reflect.NativeMethodAccessorImpl.invoke(Unknown Source)
	at sun.reflect.DelegatingMethodAccessorImpl.invoke(Unknown Source)
	at java.lang.reflect.Method.invoke(Unknown Source)
	at org.testng.internal.MethodInvocationHelper.invokeMethod(MethodInvocationHelper.java:100)
	at org.testng.internal.Invoker.invokeMethod(Invoker.java:646)
	at org.testng.internal.Invoker.invokeTestMethod(Invoker.java:811)
	at org.testng.internal.Invoker.invokeTestMethods(Invoker.java:1129)
	at org.testng.internal.TestMethodWorker.invokeTestMethods(TestMethodWorker.java:129)
	at org.testng.internal.TestMethodWorker.run(TestMethodWorker.java:112)
	at org.testng.TestRunner.privateRun(TestRunner.java:746)
	at org.testng.TestRunner.run(TestRunner.java:600)
	at org.testng.SuiteRunner.runTest(SuiteRunner.java:366)
	at org.testng.SuiteRunner.runSequentially(SuiteRunner.java:361)
	at org.testng.SuiteRunner.privateRun(SuiteRunner.java:319)
	at org.testng.SuiteRunner.run(SuiteRunner.java:268)
	at org.testng.SuiteRunnerWorker.runSuite(SuiteRunnerWorker.java:52)
	at org.testng.SuiteRunnerWorker.run(SuiteRunnerWorker.java:86)
	at org.testng.TestNG.runSuitesSequentially(TestNG.java:1264)
	at org.testng.TestNG.runSuitesLocally(TestNG.java:1189)
	at org.testng.TestNG.runSuites(TestNG.java:1104)
	at org.testng.TestNG.run(TestNG.java:1076)
	at org.testng.remote.AbstractRemoteTestNG.run(AbstractRemoteTestNG.java:126)
	at org.testng.remote.RemoteTestNG.initAndRun(RemoteTestNG.java:152)
	at org.testng.remote.RemoteTestNG.main(RemoteTestNG.java:57)
]]>
    </failure>
  </testcase> <!-- test_Scn_8_TcNo_13_VerifyAuthorisedContainerInSearchPage -->
  <testcase name="test_Scn_8_TcNo_3_VerifySearchFields" time="2.844" classname="com.lima.test.AdjunoLIMAFreightPaymentsTest"/>
  <testcase name="test_Scn_7_TcNo_5_VerifyUpdatePage" time="20.307" classname="com.lima.test.AdjunoLIMAFreightPaymentsTest"/>
  <testcase name="test_Scn_8_TcNo_5_VerifyUpdatePageGrids" time="9.345" classname="com.lima.test.AdjunoLIMAFreightPaymentsTest"/>
  <testcase name="test_Scn_8_TcNo_23_VerifyTheRatePopUpAfterSelectionACY_CYShipment" time="66.599" classname="com.lima.test.AdjunoLIMAFreightPaymentsTest"/>
  <testcase name="test_Scn_8_TcNo_2_VerifyChevrons" time="11.519" classname="com.lima.test.AdjunoLIMAFreightPaymentsTest"/>
  <testcase name="test_Scn_6_TcNo_2_EnterMultipleSearchCriteria" time="13.008" classname="com.lima.test.AdjunoLIMAFreightPaymentsTest"/>
  <testcase name="Test_Scn1_TCNo_2_VerifyGridsInFreightPaymentsConfigurationPage" time="0.718" classname="com.lima.test.AdjunoLIMAFreightPaymentsTest"/>
  <testcase name="test_Scn_8_TcNo_8_VerifyAddRowFunctionInRateCard" time="10.809" classname="com.lima.test.AdjunoLIMAFreightPaymentsTest"/>
  <testcase name="test_Scn_8_TcNo_4_VerifyUpdateOneContainer" time="34.809" classname="com.lima.test.AdjunoLIMAFreightPaymentsTest"/>
  <testcase name="test_Scn_5_TcNo_1_AccessFreightPayments" time="14.828" classname="com.lima.test.AdjunoLIMAFreightPaymentsTest"/>
  <testcase name="test_Scn_6_TcNo_1_EnterOneSearchCriteria" time="46.842" classname="com.lima.test.AdjunoLIMAFreightPaymentsTest"/>
  <testcase name="Test_Scn1_TCNo_1_VerifyFreightPaymentsConfigurationPageDisplayed" time="104.551" classname="com.lima.test.AdjunoLIMAFreightPaymentsTest"/>
  <testcase name="test_Scn_9_TcNo_1_VerifyTheProjectedValuebySelectingaSingleShipmentCYCY" time="70.395" classname="com.lima.test.AdjunoLIMAFreightPaymentsTest"/>
  <testcase name="test_Scn_8_TcNo_10_VerifyCancelButtonFunction" time="2.705" classname="com.lima.test.AdjunoLIMAFreightPaymentsTest"/>
  <testcase name="Test_Scn_3_TcNo_4_VerifyDeleteButtonInInvoiceDueGrid" time="18.850" classname="com.lima.test.AdjunoLIMAFreightPaymentsTest"/>
  <testcase name="test_Scn_8_TcNo_7_VerifyRateCard" time="5.783" classname="com.lima.test.AdjunoLIMAFreightPaymentsTest"/>
  <testcase name="Test_Scn2_TcNo_1_SetChargesByCarrierGridFields" time="81.798" classname="com.lima.test.AdjunoLIMAFreightPaymentsTest"/>
  <testcase name="test_Scn_8_TcNo_6_UpdateFields" time="18.327" classname="com.lima.test.AdjunoLIMAFreightPaymentsTest"/>
  <testcase name="test_Scn_7_TcNo_4_VerifySearchCreteria" time="28.688" classname="com.lima.test.AdjunoLIMAFreightPaymentsTest"/>
  <testcase name="test_Scn_8_TcNo_9_VerifyDeleteRowFunctionInRateCard" time="2.669" classname="com.lima.test.AdjunoLIMAFreightPaymentsTest"/>
  <testcase name="test_Scn_9_TcNo_12_VerifyAuthorisationProcess" time="14.100" classname="com.lima.test.AdjunoLIMAFreightPaymentsTest"/>
  <testcase name="Test_Scn2_TcNo_4_VerifyDeleteRowButtonInChargeByCarrierGrid" time="18.427" classname="com.lima.test.AdjunoLIMAFreightPaymentsTest"/>
  <testcase name="Test_Scn3_TcNo1_VerifyConfigurableFieldsInInvoiceDueGrid" time="71.466" classname="com.lima.test.AdjunoLIMAFreightPaymentsTest"/>
  <testcase name="test_Scn_8_TcNo_11_VerifyOKButtonFunction" time="17.181" classname="com.lima.test.AdjunoLIMAFreightPaymentsTest"/>
</testsuite> <!-- com.lima.test.AdjunoLIMAFreightPaymentsTest -->
