<?xml version="1.0" encoding="UTF-8"?>
<!-- Generated by org.testng.reporters.JUnitReportReporter -->
<testsuite hostname="LAPTOP-L9I71BEA" name="com.lima.test.AdjunoLIMACustomClearenceTest" tests="20" failures="0" timestamp="2 Feb 2018 12:31:25 GMT" time="219.855" errors="0">
  <testcase name="Test_19_verifyCompleteProcess" time="8.753" classname="com.lima.test.AdjunoLIMACustomClearenceTest"/>
  <testcase name="Test_3_verifySearchFields" time="2.031" classname="com.lima.test.AdjunoLIMACustomClearenceTest"/>
  <testcase name="Test_11_verifyErrorMsg" time="12.835" classname="com.lima.test.AdjunoLIMACustomClearenceTest"/>
  <testcase name="Test_20_verifyViewDetail" time="37.734" classname="com.lima.test.AdjunoLIMACustomClearenceTest"/>
  <testcase name="Test_5_setAwaitingAndValidContainerNo" time="8.586" classname="com.lima.test.AdjunoLIMACustomClearenceTest"/>
  <testcase name="Test_4_setAwaitingAndInvalidPO" time="49.535" classname="com.lima.test.AdjunoLIMACustomClearenceTest"/>
  <testcase name="Test_9_verifyContainerHyperLink" time="6.407" classname="com.lima.test.AdjunoLIMACustomClearenceTest"/>
  <testcase name="Test_13_verifyVesselGridColumns" time="1.218" classname="com.lima.test.AdjunoLIMACustomClearenceTest"/>
  <testcase name="Test_21_EnterTrackRefNumber" time="17.017" classname="com.lima.test.AdjunoLIMACustomClearenceTest"/>
  <testcase name="Test_22_clickOnCustomClearenceLink" time="12.759" classname="com.lima.test.AdjunoLIMACustomClearenceTest"/>
  <testcase name="Test_12_verifyCustomsClearencePageDisplayed" time="10.167" classname="com.lima.test.AdjunoLIMACustomClearenceTest"/>
  <testcase name="Test_13_verifyHouseBillGridColumn" time="1.719" classname="com.lima.test.AdjunoLIMACustomClearenceTest"/>
  <testcase name="Test_16_verifyClearenceDateField" time="5.094" classname="com.lima.test.AdjunoLIMACustomClearenceTest"/>
  <testcase name="Test_18_verifyUCRField" time="5.050" classname="com.lima.test.AdjunoLIMACustomClearenceTest"/>
  <testcase name="Test_14_verifyEntryDatefield" time="5.074" classname="com.lima.test.AdjunoLIMACustomClearenceTest"/>
  <testcase name="Test_10_verifyHouseBillLink" time="10.924" classname="com.lima.test.AdjunoLIMACustomClearenceTest"/>
  <testcase name="Test_17_verifyEPUField" time="5.023" classname="com.lima.test.AdjunoLIMACustomClearenceTest"/>
  <testcase name="Test_2_acessCustomClearence" time="12.772" classname="com.lima.test.AdjunoLIMACustomClearenceTest"/>
  <testcase name="Test_15_verifyEntryNumberField" time="5.235" classname="com.lima.test.AdjunoLIMACustomClearenceTest"/>
  <testcase name="Test_6_verifyResultantGridHeader" time="1.922" classname="com.lima.test.AdjunoLIMACustomClearenceTest"/>
</testsuite> <!-- com.lima.test.AdjunoLIMACustomClearenceTest -->
